500000 
 99802 
 99876 
 99876 
 99211 
 99802 
 99382 
 97288 
 99876 
 99876 
 99802 
 99436 
 99876 
 99876 
 99876 
 99876 
 99876 
 99876 
 99382 
 99030 
 99301 
 91767 
 99876 
 94780 
 99876 
 99876 
 99876 
 99876 
 99382 
 99876 
 99382 
 98556 
 99876 
 99876 
 99382 
 99876 
 99382 
 99876 
 99876 
 99876 
 99876 
 76652 
 99301 
 99876 
 99382 
 99876 
 99876 
 98180 
 99382 
 99876 
 99876 
 99876 
 99876 
 99382 
 99876 
 99382 
 96702 
 99876 
 99876 
 99876 
 99876 
 99876 
 99876 
 99876 
 99382 
 99876 
 99876 
 99382 
 99876 
 99382 
 99382 
 99382 
 99876 
 99436 
 99876 
 99382 
 99876 
 99876 
 99876 
 99382 
 99876 
 99382 
 99876 
 97898 
 99802 
 94422 
 99876 
 99876 
 99876 
 99876 
 99876 
 99382 
 99876 
 99876 
 97310 
 99876 
 99436 
 99382 
 97288 
 99301 
 99876 
 99876 
 99382 
 99876 
 99802 
 99876 
 99250 
 99876 
 99876 
 99382 
 99876 
 99876 
 99382 
 99876 
 99876 
 99876 
 99876 
 99382 
 93964 
 99382 
 99876 
 99876 
 99802 
 99382 
 99876 
 99382 
 99802 
 99876 
 99876 
 97310 
 99301 
 99876 
 99876 
 99382 
 99876 
 99382 
 99876 
 99802 
 99802 
 99876 
 99382 
 99876 
 91599 
 99382 
 99436 
 99876 
 99436 
 99876 
 98180 
 99876 
 99802 
 99876 
 99876 
 99876 
 99876 
 99876 
 99876 
 99382 
 99382 
 99876 
 99876 
 99876 
 99876 
 97288 
 97288 
 86797 
 97310 
 99382 
 99876 
 99876 
 99876 
 99876 
 99876 
 99382 
 99301 
 99876 
 99876 
 99301 
 99382 
 97288 
 97288 
 99802 
 99382 
 99301 
 99876 
 99382 
 99876 
 99382 
 99876 
 99876 
 99382 
 99301 
 99876 
 99436 
 99382 
 99876 
 99876 
 99876 
 97288 
 99382 
 99802 
 99802 
 99382 
 99876 
 99876 
 99876 
 99876 
 99876 
 98511 
 99876 
 99876 
 99876 
 99876 
 97310 
 97310 
 99382 
 99802 
 94422 
 99382 
 99876 
 99382 
 99382 
 99382 
 99876 
 99802 
 99876 
 99876 
 99802 
 99876 
 99876 
 99382 
 99876 
 99876 
 99876 
 99876 
 99802 
 99382 
 99876 
 99876 
 99876 
 97288 
 99876 
 99802 
 99876 
 99382 
 98556 
 99876 
 99876 
 99876 
 99382 
 99382 
 99876 
 99876 
 99876 
 99876 
 99876 
 99876 
 99233 
 99876 
 99382 
 99876 
 99802 
 99876 
 99301 
 99876 
 99876 
 99436 
 99301 
 99876 
 99876 
 99876 
 99876 
 99382 
 99876 
 99876 
 99876 
 99876 
 99876 
 99876 
 99876 
 99382 
 99876 
 99382 
 96570 
 99876 
 99876 
 99876 
 99382 
 99436 
 97288 
 99876 
 99876 
 99876 
 97288 
 97288 
 99382 
 99876 
 99802 
 99876 
 99876 
 99876 
 99876 
 99876 
 99382 
 99876 
 99876 
 99876 
 99382 
 99876 
 99876 
 99876 
 99211 
 99876 
 99436 
 99876 
 99382 
 99382 
 97288 
 99876 
 99876 
 96491 
 99876 
 99382 
 99802 
 99876 
 99876 
 99876 
 99876 
 99382 
 99436 
 99876 
 99382 
 99876 
 99436 
 99382 
 99382 
 99436 
 99876 
 99382 
 99382 
 99876 
 97310 
 99876 
 99382 
 99876 
 99802 
 99876 
 99876 
 99876 
 99876 
 99876 
 99876 
 99436 
 99876 
 99382 
 99382 
 99876 
 99382 
 99382 
 99876 
 99876 
 99876 
 99876 
 94354 
 99876 
 99301 
 99876 
 99382 
 99876 
 99876 
 99876 
 99876 
 99382 
 99802 
 99876 
 99382 
 99876 
 99876 
 99382 
 99876 
 99876 
 99876 
 99876 
 99876 
 99876 
 99382 
 99382 
 99382 
 99876 
 99436 
 99876 
 99876 
 99876 
 99876 
 97288 
 88241 
 99876 
 99876 
 99876 
 99802 
 99876 
 99876 
 99876 
 99876 
 99876 
 99382 
 99876 
 99382 
 97288 
 99876 
 99876 
 99436 
 99876 
 99876 
 99876 
 99382 
 99233 
 99876 
 99876 
 99876 
 99876 
 37977 
 97288 
 99382 
 99876 
 99876 
 99876 
 99876 
 99876 
 99876 
 99876 
 99382 
 99876 
 99876 
 99382 
 99382 
 99876 
 99876 
 99876 
 99876 
 99876 
 99876 
 96491 
 99876 
 99382 
 99876 
 99876 
 99876 
 99876 
 96707 
 99802 
 99382 
 96478 
 99876 
 99876 
 99876 
 99382 
 99876 
 99876 
 99382 
 99382 
 94014 
 99436 
 99876 
 99382 
 99876 
 99382 
 99876 
 99382 
 99876 
 99382 
 99382 
 99211 
 99876 
 99436 
 99876 
 97310 
 87953 
 99876 
 99382 
 99876 
 99876 
 99876 
 99030 
 99876 
 97288 
 96491 
 99382 
 99876 
 99876 
 99382 
 99876 
 99436 
 99382 
 97288 
 99802 
 99382 
 99436 
 99382 
 99876 
 99876 
 99382 
 99876 
 99802 
 99382 
 99876 
 99876 
 99382 
 99876 
 99382 
 99301 
 99876 
 99876 
 99876 
 99876 
 99876 
 99802 
 99876 
 99382 
 99876 
 99876 
 99876 
 99876 
 97288 
 99876 
 99876 
 99876 
 99876 
 99876 
 99876 
 97310 
 99876 
 99382 
 99436 
 99876 
 99436 
 99301 
 99382 
 99876 
 99876 
 93168 
 99876 
 99876 
 99876 
 99876 
 97310 
 99876 
 99876 
 99876 
 99436 
 99876 
 99301 
 99876 
 99301 
 99876 
 97749 
 71968 
 99876 
 99876 
 99382 
 99876 
 99876 
 99876 
 99876 
 99876 
 99382 
 99382 
 99876 
 99876 
 99802 
 99382 
 99382 
 99876 
 99382 
 97288 
 99301 
 99876 
 99876 
 99876 
 97288 
 99233 
 99436 
 99876 
 99876 
 99876 
 99876 
 99876 
 99802 
 99382 
 99802 
 99876 
 99876 
 99301 
 99876 
 99876 
 99876 
 99876 
 99876 
 96570 
 99382 
 99233 
 99876 
 97288 
 99876 
 99382 
 99802 
 99382 
 99876 
 99876 
 99876 
 97749 
 99802 
 99301 
 99802 
 99876 
 99876 
 99876 
 99382 
 99876 
 99876 
 99876 
 99876 
 99876 
 99301 
 99876 
 99802 
 99802 
 99876 
 98180 
 99876 
 99382 
 99301 
 99876 
 99876 
 99876 
 99876 
 99876 
 97288 
 99301 
 99876 
 99876 
 99876 
 97288 
 99876 
 99876 
 99802 
 97288 
 99876 
 93168 
 99876 
 99876 
 99876 
 99876 
 99876 
 99876 
 99876 
 99876 
 99802 
 99876 
 99876 
 99876 
 99876 
 97288 
 99876 
 99876 
 99436 
 99876 
 99876 
 99876 
 99876 
 99802 
 97204 
 99876 
 99876 
 99211 
 99876 
 97288 
 99382 
 99382 
 99876 
 99876 
 99876 
 91767 
 99876 
 99876 
 99876 
 99876 
 99876 
 99876 
 99876 
 99876 
 99382 
 99876 
 97000 
 99876 
 99876 
 99876 
 99382 
 99876 
 99876 
 99876 
 99876 
 99876 
 99876 
 99876 
 99876 
 99876 
 99382 
 99802 
 99876 
 99876 
 99876 
 99436 
 99876 
 99876 
 97288 
 99382 
 99382 
 99382 
 99876 
 99876 
 99876 
 99876 
 99876 
 97310 
 99876 
 99382 
 99301 
 99802 
 99876 
 99876 
 99876 
 99876 
 99250 
 99382 
 96491 
 99876 
 99301 
 99876 
 97288 
 99301 
 99876 
 99382 
 99876 
 99876 
 99876 
 99876 
 99876 
 99876 
 99876 
 99876 
 99382 
 97534 
 99876 
 99876 
 99876 
 99382 
 99876 
 99876 
 99802 
 99876 
 99876 
 99876 
 91329 
 99382 
 99876 
 99876 
 99876 
 99382 
 97534 
 99876 
 99382 
 99876 
 99382 
 99382 
 99876 
 99876 
 99436 
 99876 
 99876 
 99876 
 99876 
 99382 
 99876 
 99876 
 99382 
 97898 
 99876 
 99030 
 99876 
 99382 
 99382 
 99876 
 99382 
 99802 
 99382 
 99876 
 99876 
 99802 
 99876 
 99876 
 99876 
 99382 
 99876 
 99876 
 99876 
 97898 
 99876 
 99876 
 99876 
 99876 
 99876 
 97288 
 99876 
 99382 
 99876 
 99876 
 99802 
 99876 
 96570 
 99876 
 99876 
 99382 
 99382 
 99382 
 99876 
 99876 
 99802 
 99876 
 99382 
 96491 
 99876 
 97288 
 99876 
 99876 
 29486 
 99301 
 99876 
 99876 
 99876 
 99876 
 99876 
 97288 
 99382 
 99876 
 99876 
 99876 
 99876 
 99876 
 99876 
 97288 
 99382 
 99876 
 99382 
 99382 
 99876 
 99876 
 97288 
 99876 
 99876 
 99876 
 99382 
 99876 
 99876 
 99382 
 99876 
 99876 
 99876 
 99876 
 99382 
 99301 
 99876 
 97310 
 99382 
 99382 
 99876 
 99876 
 99876 
 99876 
 99382 
 99876 
 99876 
 99802 
 99876 
 97288 
 99382 
 98511 
 99382 
 99876 
 99301 
 99876 
 99876 
 99876 
 99876 
 99876 
 99876 
 99876 
 99382 
 99876 
 99876 
 99876 
 99382 
 99301 
 99876 
 99876 
 99876 
 99876 
 99876 
 99382 
 99876 
 99382 
 99876 
 99876 
 99301 
 99876 
 99876 
 99382 
 99876 
 99382 
 99382 
 99876 
 99876 
 99876 
 99876 
 99876 
 97310 
 99876 
 99382 
 99876 
 99876 
 99876 
 99876 
 99876 
 99250 
 99876 
 97898 
 99382 
 99876 
 99876 
 99382 
 99382 
 99301 
 99876 
 99876 
 99876 
 99876 
 99382 
 99876 
 99876 
 99802 
 99382 
 99211 
 93168 
 99802 
 99802 
 97288 
 99876 
 99382 
 99436 
 99876 
 97288 
 99876 
 99876 
 99876 
 97310 
 99876 
 99876 
 99876 
 99876 
 97288 
 99876 
 99382 
 96491 
 99876 
 99876 
 99876 
 99802 
 99382 
 99876 
 99876 
 99876 
 99436 
 99876 
 99876 
 99382 
 99382 
 99876 
 99436 
 99876 
 99876 
 94354 
 99876 
 99876 
 96491 
 99876 
 99301 
 99382 
 64454 
 99802 
 99876 
 