100000 
 99979 
 99980 
 99996 
 99989 
 99996 
 99996 
 99996 
 99979 
 99979 
 99996 
 99979 
 99996 
 99929 
 99982 
 99985 
 99996 
 99972 
 99996 
 99996 
 99996 
 99979 
 99996 
 99988 
 99996 
 99963 
 99996 
 99996 
 99996 
 99945 
 99996 
 99996 
 99996 
 99996 
 99989 
 99730 
 99985 
 99979 
 99888 
 99996 
 99996 
 99988 
 99996 
 99969 
 99996 
 99996 
 99996 
 99996 
 99996 
 99979 
 99989 
 99967 
 99996 
 99996 
 99989 
 99989 
 99996 
 99996 
 99989 
 99985 
 99301 
 99036 
 99996 
 99961 
 99996 
 99996 
 99979 
 99989 
 99996 
 99974 
 99989 
 99996 
 99996 
 99996 
 99985 
 99996 
 99975 
 99996 
 99963 
 99996 
 99996 
 99996 
 99975 
 99996 
 99996 
 99972 
 99996 
 99996 
 99996 
 99982 
 99989 
 99979 
 99996 
 99996 
 99996 
 99989 
 99955 
 99984 
 99979 
 99996 
 99996 
 99989 
 99996 
 99996 
 99989 
 99996 
 99979 
 99996 
 99996 
 99996 
 99975 
 99996 
 99989 
 99996 
 99985 
 99996 
 99996 
 99972 
 99996 
 99996 
 99996 
 99989 
 99979 
 99996 
 99989 
 99989 
 99979 
 99996 
 99996 
 99989 
 99996 
 99996 
 99996 
 99996 
 99979 
 99989 
 99989 
 99979 
 99979 
 99988 
 99967 
 99996 
 99996 
 99996 
 99996 
 99988 
 99989 
 99996 
 99996 
 99996 
 99979 
 99996 
 99996 
 99506 
 99996 
 99996 
 99996 
 99988 
 99996 
 99996 
 99996 
 99996 
 99996 
 99989 
 99996 
 99996 
 99996 
 99988 
 99989 
 99996 
 99996 
 99996 
 99996 
 99979 
 99989 
 99996 
 99955 
 99996 
 99996 
 99996 
 99996 
 99996 
 99996 
 99972 
 99996 
 99761 
 99996 
 99996 
 99996 
 99996 
 99989 
 99963 
 99982 
 99996 
 99982 
 99996 
 99996 
 99996 
 99963 
 99979 
 99996 
 99996 
 99996 
 99988 
 99867 
 99996 
 99982 
 99996 
 99996 
 99985 
 99989 
 99979 
 99989 
 99989 
 99996 
 99989 
 99989 
 99996 
 99985 
 99989 
 99955 
 99996 
 99996 
 99996 
 99996 
 99996 
 99972 
 99911 
 99996 
 99996 
 99996 
 99996 
 99989 
 99996 
 99955 
 99996 
 99989 
 99996 
 99996 
 99996 
 99961 
 99985 
 99989 
 99996 
 99996 
 99989 
 99996 
 99996 
 99996 
 99996 
 99996 
 99996 
 99979 
 99985 
 99996 
 99996 
 99967 
 99989 
 99989 
 99996 
 99989 
 99996 
 99989 
 99996 
 99996 
 99996 
 99996 
 99996 
 99996 
 99996 
 99989 
 99975 
 99996 
 99989 
 99996 
 99996 
 99996 
 99996 
 99996 
 99584 
 99989 
 99996 
 99989 
 99996 
 99975 
 99982 
 99989 
 99989 
 99996 
 99989 
 99996 
 99996 
 99996 
 99996 
 99996 
 99989 
 99996 
 99979 
 99979 
 99985 
 99996 
 99996 
 99989 
 99996 
 99989 
 99989 
 99996 
 99982 
 99989 
 99996 
 99996 
 99989 
 99996 
 99996 
 99996 
 99989 
 99996 
 99996 
 99996 
 99996 
 99980 
 99979 
 99985 
 99996 
 99989 
 99989 
 99996 
 99996 
 99989 
 99996 
 99989 
 99979 
 99996 
 99989 
 99996 
 99996 
 99996 
 99996 
 99982 
 99996 
 99996 
 99989 
 99996 
 99996 
 99989 
 99996 
 99996 
 99996 
 99985 
 99996 
 99989 
 99989 
 99996 
 99996 
 99996 
 99996 
 99867 
 99979 
 99963 
 99996 
 99996 
 99989 
 99985 
 99989 
 99996 
 99996 
 99996 
 99996 
 99996 
 99996 
 99996 
 99996 
 99996 
 99996 
 99996 
 99996 
 99985 
 99996 
 99989 
 99989 
 99989 
 99955 
 99989 
 99989 
 99996 
 99979 
 99996 
 99989 
 99989 
 99996 
 99996 
 99989 
 99996 
 99996 
 99985 
 99979 
 99996 
 99996 
 99996 
 99996 
 99876 
 99989 
 99996 
 99996 
 99996 
 99985 
 99996 
 99996 
 99996 
 99988 
 99996 
 99996 
 99989 
 99996 
 99996 
 99984 
 99996 
 99996 
 99996 
 99996 
 99979 
 99985 
 99996 
 99996 
 99996 
 99996 
 99984 
 99996 
 99867 
 99996 
 99989 
 99989 
 99989 
 99989 
 99996 
 99996 
 99996 
 99989 
 99979 
 99979 
 99996 
 99979 
 99979 
 99996 
 99989 
 99989 
 99996 
 99996 
 99996 
 99988 
 99996 
 99974 
 99989 
 99996 
 99989 
 99955 
 99996 
 99955 
 99996 
 99930 
 99996 
 99989 
 99996 
 99996 
 99989 
 99815 
 99996 
 99996 
 99972 
 99996 
 99898 
 99996 
 99985 
 99967 
 99972 
 99996 
 99996 
 99996 
 99996 
 99996 
 99996 
 99996 
 99989 
 99996 
 99989 
 99996 
 99996 
 99989 
 99996 
 99996 
 99989 
 99989 
 99996 
 99996 
 99955 
 99984 
 99989 
 99996 
 99996 
 99996 
 99989 
 99982 
 99989 
 99989 
 99989 
 99996 
 99975 
 99996 
 99931 
 99996 
 99996 
 99996 
 99988 
 99996 
 99996 
 99989 
 99996 
 99996 
 99975 
 99969 
 99945 
 99979 
 99996 
 99982 
 99996 
 99989 
 99996 
 99989 
 99989 
 99961 
 99955 
 99996 
 99996 
 99979 
 99996 
 99989 
 99996 
 99996 
 99996 
 99989 
 99996 
 99705 
 99985 
 99996 
 99989 
 99862 
 99996 
 99996 
 99996 
 99996 
 99985 
 99996 
 99996 
 99979 
 99996 
 99985 
 99963 
 99996 
 99996 
 99996 
 99996 
 99996 
 99996 
 99996 
 99979 
 99996 
 99989 
 99996 
 99996 
 99979 
 99982 
 99996 
 99996 
 99996 
 99996 
 99996 
 99996 
 99996 
 99996 
 99979 
 99996 
 99985 
 99979 
 99996 
 99996 
 99273 
 99989 
 99996 
 99989 
 99996 
 99989 
 99996 
 99996 
 99996 
 99996 
 99996 
 99979 
 99996 
 99996 
 99996 
 99996 
 99989 
 99996 
 99996 
 99996 
 99996 
 99996 
 99996 
 99989 
 99979 
 99989 
 99989 
 99996 
 99996 
 99996 
 99977 
 99200 
 99989 
 99996 
 99979 
 99979 
 99989 
 99996 
 99989 
 99996 
 99996 
 99979 
 99996 
 99985 
 99996 
 99996 
 99996 
 99967 
 99996 
 99996 
 99996 
 99996 
 99989 
 99985 
 99996 
 99985 
 99989 
 99996 
 99989 
 99996 
 99996 
 99967 
 99967 
 99996 
 99996 
 99989 
 99996 
 99888 
 99996 
 99989 
 99996 
 99996 
 99996 
 99989 
 99996 
 99989 
 99996 
 99996 
 99996 
 99988 
 99989 
 99996 
 99989 
 99996 
 99900 
 99996 
 99985 
 99984 
 99982 
 99950 
 99996 
 99996 
 99996 
 99980 
 99996 
 99996 
 99989 
 99985 
 99996 
 99996 
 99996 
 99996 
 99989 
 99989 
 99979 
 99989 
 99996 
 99989 
 99996 
 99996 
 99996 
 99996 
 99996 
 99979 
 99976 
 99996 
 99996 
 99996 
 99996 
 99996 
 99996 
 99996 
 99996 
 99996 
 99200 
 99989 
 99996 
 99996 
 99996 
 99985 
 99996 
 99996 
 99996 
 99989 
 99862 
 99996 
 99996 
 99996 
 99989 
 99996 
 99989 
 99996 
 99980 
 99996 
 99989 
 99996 
 99989 
 99996 
 99996 
 99996 
 99996 
 99996 
 99996 
 99989 
 99996 
 99989 
 99985 
 99989 
 99996 
 99985 
 99996 
 99989 
 99985 
 99989 
 99996 
 99982 
 99989 
 99996 
 99996 
 99996 
 99979 
 99989 
 99996 
 99996 
 99996 
 99972 
 99996 
 99996 
 99989 
 99989 
 99996 
 99989 
 99996 
 99996 
 99996 
 99996 
 99979 
 99989 
 99996 
 99996 
 99996 
 99979 
 99996 
 99996 
 99989 
 99982 
 99996 
 99996 
 99968 
 99985 
 99996 
 99955 
 99996 
 99989 
 99996 
 99989 
 99988 
 99996 
 99996 
 99996 
 99996 
 99989 
 99989 
 99996 
 99996 
 99977 
 99967 
 99996 
 99996 
 99996 
 99982 
 99979 
 99996 
 99996 
 99989 
 99996 
 99996 
 99989 
 99996 
 99996 
 99996 
 99996 
 99972 
 99996 
 99996 
 99996 
 99989 
 99996 
 99996 
 99989 
 99996 
 99996 
 99996 
 99996 
 99989 
 99979 
 99996 
 99996 
 99967 
 99989 
 99996 
 99985 
 99979 
 99996 
 99996 
 99989 
 99985 
 99996 
 99996 
 99989 
 99996 
 99996 
 99985 
 99989 
 99996 
 99996 
 99989 
 99989 
 99996 
 99996 
 99996 
 99996 
 99996 
 99996 
 99996 
 99847 
 99996 
 99979 
 99996 
 99996 
 99996 
 99989 
 99996 
 99898 
 99996 
 99996 
 99985 
 99996 
 99979 
 99974 
 99989 
 99996 
 99996 
 99996 
 99989 
 99996 
 99989 
 99996 
 99996 
 99996 
 99989 
 99969 
 99996 
 99972 
 99996 
 99996 
 99996 
 99979 
 99996 
 99989 
 99989 
 99996 
 99996 
 99996 
 99996 
 99996 
 99996 
 99996 
 99996 
 99996 
 99984 
 99996 
 99979 
 99996 
 99996 
 99989 
 99985 
 99996 
 99996 
 99996 
 99996 
 99989 
 99989 
 99911 
 99979 
 99996 
 99996 
 99996 
 99989 
 99989 
 99996 
 99972 
 99979 
 99989 
 99974 
 99996 
 99982 
 99996 
 99996 
 99996 
 99989 
 99996 
 99996 
 99996 
 99985 
 99996 
 99979 
 99996 
 99996 
 99989 
 99996 
 99989 
 99996 
 99996 
 99989 
 99996 
 99996 
 99996 
 99996 
 99996 
 99979 
 99996 
 99979 
 99996 
 99979 
 99996 
 99974 
 99996 
 99996 
 99985 
 99996 
 99945 
 99996 
 99989 
 99989 
 99996 
 99985 
 99996 
 99996 
 99989 
 99996 
 99996 
 99996 
 99996 
 99996 
 99996 
 99955 
 99989 
 99985 
 99996 
 99996 
 99985 
 99996 
 99996 
 99985 
 99996 
 99996 
 99989 
 99989 
 99989 
 99985 
 99996 
 99996 
 99985 
 99996 
 