500000 
 9999805 
 9999805 
 9999805 
 9998105 
 9999800 
 9998822 
 9999805 
 9999805 
 9999800 
 9993663 
 9999800 
 9999805 
 9999805 
 9999805 
 9999805 
 9999805 
 9999805 
 9999805 
 9999805 
 9999805 
 9999805 
 9998822 
 9999805 
 9999805 
 9999805 
 9998892 
 9999805 
 9993663 
 9999805 
 9999805 
 9999805 
 9999008 
 9999805 
 9999805 
 9999805 
 9997682 
 9997682 
 9841005 
 9999805 
 9999805 
 9999800 
 9998822 
 9998822 
 9999805 
 9999805 
 9999805 
 9994985 
 9999008 
 9999805 
 9999805 
 9997186 
 9999800 
 9999805 
 9983724 
 9999805 
 9999008 
 9999805 
 9999805 
 9999805 
 9999800 
 9999800 
 9998822 
 9999800 
 9999805 
 9999805 
 9999800 
 9999800 
 9999800 
 9999805 
 9999805 
 9999805 
 9999805 
 9999805 
 9999805 
 9999805 
 9999800 
 9999800 
 9999805 
 9999805 
 9999805 
 9999805 
 9999805 
 9999008 
 9999805 
 9996110 
 9999342 
 9999805 
 9999800 
 9999805 
 9996836 
 9999805 
 9999800 
 9999805 
 9999800 
 9999800 
 9999805 
 9999805 
 9999805 
 9999805 
 9999800 
 9999805 
 9999805 
 9999805 
 9999805 
 9999805 
 9999805 
 9999805 
 9999805 
 9999805 
 9999805 
 9999800 
 9999800 
 9999805 
 9999805 
 9999800 
 9999805 
 9999800 
 9999805 
 9999805 
 9999805 
 9999805 
 9999800 
 9998892 
 9999805 
 9997186 
 9999800 
 9999800 
 9999805 
 9999805 
 9999805 
 9999805 
 9999805 
 9997682 
 9999805 
 9999805 
 9998892 
 9999008 
 9999805 
 9999342 
 9999805 
 9999805 
 9999805 
 9996836 
 9999805 
 9999805 
 9995310 
 9999805 
 9999805 
 9999805 
 9999008 
 9999805 
 9999805 
 9999805 
 9999805 
 9999800 
 9999805 
 9999805 
 9999805 
 9999800 
 9999805 
 9999805 
 9999805 
 9999805 
 9997682 
 9999805 
 9997682 
 9998892 
 9999800 
 9999805 
 9999805 
 9999342 
 9999805 
 9999805 
 9999342 
 9999805 
 9999800 
 9999805 
 9999805 
 9999805 
 9999805 
 9999805 
 9999805 
 9999805 
 9999805 
 9999800 
 9999800 
 9999805 
 9999800 
 9999805 
 9999805 
 9999805 
 9999805 
 9999805 
 9999805 
 9999805 
 9887618 
 9999800 
 9999805 
 9999805 
 9999805 
 9999805 
 9999800 
 9999805 
 9994985 
 9996836 
 9999800 
 9999805 
 9999008 
 9999805 
 9999805 
 9999805 
 9999800 
 9999008 
 9999805 
 9999805 
 9999805 
 9999800 
 9999805 
 9998822 
 9999805 
 9999800 
 9997682 
 9999800 
 9999805 
 9999800 
 9999800 
 9999800 
 9999800 
 9999805 
 9999008 
 9981114 
 9999805 
 9999805 
 9996836 
 9999805 
 9999805 
 9999800 
 9998892 
 9999800 
 9998892 
 9999805 
 9841005 
 9999805 
 9999805 
 9999805 
 9999805 
 9999805 
 9995310 
 9999805 
 9999805 
 9999805 
 9999805 
 9999800 
 9999805 
 9999805 
 9999805 
 9993663 
 9999805 
 9999800 
 9999800 
 9999805 
 9999800 
 9999805 
 9999805 
 9999800 
 9999800 
 9999800 
 9999805 
 9999342 
 9999805 
 9999805 
 9999805 
 9999805 
 9999800 
 9999805 
 9999805 
 9999805 
 9999800 
 9999008 
 9970603 
 9999805 
 9999805 
 9999800 
 9999805 
 9999805 
 9999800 
 9999805 
 9999800 
 9999805 
 9999805 
 9999805 
 9999800 
 9999008 
 9999008 
 9961282 
 9999805 
 9999800 
 9999805 
 9999008 
 9999805 
 9995310 
 9999805 
 9999800 
 9999805 
 9995310 
 9999805 
 9999800 
 9999805 
 9999805 
 9999008 
 9873788 
 9999805 
 9999800 
 9946514 
 9999805 
 9994985 
 9999805 
 9999805 
 9999342 
 9999805 
 9999805 
 9999805 
 9999800 
 9999008 
 9999805 
 9999805 
 9999805 
 9999805 
 9999805 
 9999800 
 9999805 
 9999800 
 9997682 
 9999805 
 9999800 
 9999805 
 9873788 
 9999805 
 9999008 
 9999805 
 9999805 
 9999805 
 9999805 
 9999805 
 9999805 
 9999805 
 9999805 
 9999800 
 9999805 
 9999805 
 9999800 
 9999805 
 9999805 
 9971559 
 9999805 
 9997682 
 9996836 
 9999805 
 9999805 
 9997682 
 9999805 
 9996250 
 9999805 
 9999805 
 9999805 
 9999805 
 9999805 
 9999805 
 9999805 
 9999805 
 9998574 
 9999805 
 9999008 
 9999805 
 9989158 
 9999805 
 9999805 
 9999805 
 9999805 
 9999805 
 9999805 
 9999805 
 9998892 
 9999805 
 9999800 
 9989158 
 9997682 
 9999008 
 9994985 
 9999805 
 9999805 
 9999805 
 9999800 
 9999805 
 9997186 
 9999800 
 9999805 
 9999805 
 9997682 
 9999800 
 9999805 
 9999800 
 9999805 
 9999805 
 9999805 
 9994985 
 9999805 
 9999805 
 9999805 
 9999800 
 9998822 
 9999805 
 9999805 
 9999805 
 9999800 
 9999805 
 9999805 
 9999800 
 9999805 
 9999805 
 9999800 
 9999805 
 9999805 
 9999800 
 9999805 
 9999800 
 9999805 
 9999805 
 9999805 
 9999800 
 9997186 
 9999805 
 9999805 
 9996836 
 9999800 
 9999805 
 9996836 
 9999805 
 9999805 
 9999805 
 9999805 
 9999805 
 9999800 
 9999805 
 9999805 
 9999805 
 9999800 
 9999805 
 9981912 
 9999805 
 9999800 
 9999008 
 9999008 
 9999805 
 9992605 
 9999805 
 9999805 
 9998892 
 9999800 
 9999805 
 9998105 
 9999805 
 9999805 
 9999805 
 9999805 
 9999008 
 9999805 
 9999805 
 9999800 
 9999008 
 9999008 
 9999805 
 9998822 
 9999342 
 9999805 
 9999008 
 9999805 
 9999800 
 9999805 
 9999805 
 9999805 
 9999805 
 9998822 
 9999805 
 9990047 
 9999805 
 9999800 
 9999800 
 9999800 
 9999805 
 9999805 
 9999800 
 9999805 
 9999800 
 9999805 
 9987742 
 9999805 
 9998574 
 9999800 
 9998892 
 9984203 
 9999805 
 9999805 
 9999805 
 9999805 
 9999805 
 9999805 
 9999805 
 9999805 
 9999805 
 9999805 
 9999805 
 9999805 
 9999805 
 9999805 
 9997682 
 9999800 
 9999805 
 9999805 
 9999805 
 9999805 
 9999805 
 9999805 
 9999805 
 9999008 
 9999805 
 9999805 
 9988173 
 9999805 
 9996836 
 9999805 
 9999800 
 9999342 
 9999800 
 9999805 
 9999805 
 9999805 
 9999805 
 9999805 
 9999800 
 9999800 
 9999800 
 9999800 
 9999805 
 9999805 
 9999805 
 9999008 
 9999805 
 9999008 
 9999805 
 9999800 
 9998892 
 9999800 
 9999805 
 9999800 
 9999800 
 9999805 
 9999805 
 9999805 
 9998892 
 9999805 
 9999008 
 9999800 
 9999805 
 9999805 
 9999805 
 9999805 
 9999805 
 9999805 
 9999805 
 9999805 
 9999805 
 9999008 
 9999805 
 9999800 
 9994985 
 9999805 
 9999805 
 9999800 
 9999805 
 9999805 
 9998822 
 9999805 
 9999800 
 9999805 
 9999805 
 9994985 
 9999805 
 9999805 
 9996836 
 9999805 
 9999805 
 9999800 
 9999800 
 9999805 
 9998892 
 9999805 
 9999008 
 9999805 
 9998822 
 9996836 
 9999805 
 9988173 
 9999008 
 9999805 
 9988173 
 9999805 
 9999805 
 9999805 
 9999805 
 9998822 
 9999805 
 9999805 
 9999805 
 9999805 
 9999805 
 9999800 
 9996939 
 9999805 
 9999805 
 9999805 
 9999805 
 9999805 
 9999805 
 9999805 
 9998822 
 9999800 
 9998822 
 9999805 
 9993663 
 9999805 
 9999805 
 9999805 
 9999805 
 9998822 
 9999800 
 9999805 
 9999805 
 9969647 
 9999008 
 9999800 
 9997682 
 9999800 
 9999805 
 9999805 
 9999008 
 9999805 
 9995310 
 9999805 
 9999008 
 9995310 
 9999805 
 9999805 
 9999805 
 9999008 
 9999805 
 9989158 
 9993663 
 9999805 
 9999805 
 9997682 
 9999800 
 9999805 
 9999805 
 9999805 
 9999805 
 9999805 
 9999805 
 9999008 
 9993663 
 9999805 
 9999805 
 9999805 
 9999800 
 9999342 
 9999800 
 9999805 
 9999805 
 9999805 
 9999008 
 9997186 
 9999800 
 9999800 
 9999805 
 9997682 
 9999805 
 9999805 
 9999805 
 9999805 
 9999008 
 9999800 
 9999805 
 9999805 
 9999800 
 9999805 
 9993663 
 9999805 
 9999805 
 9999800 
 9999805 
 9999008 
 9996836 
 9999805 
 9946514 
 9999805 
 9999805 
 9999805 
 9998892 
 9998892 
 9997682 
 9999800 
 9999805 
 9999800 
 9999800 
 9999805 
 9999805 
 9999800 
 9999800 
 9999805 
 9999805 
 9999800 
 9999800 
 9999805 
 9999008 
 9999805 
 9999805 
 9999805 
 9999008 
 9999805 
 9999800 
 9999008 
 9999805 
 9999342 
 9999805 
 9999008 
 9999805 
 9999800 
 9999805 
 9999800 
 9999805 
 9999805 
 9999008 
 9999805 
 9999805 
 9999800 
 9999805 
 9999805 
 9999800 
 9999008 
 9999805 
 9999805 
 9999800 
 9999805 
 9999805 
 9998105 
 9999008 
 9999805 
 9999805 
 9998892 
 9999805 
 9994204 
 9999008 
 9999805 
 9998892 
 9999805 
 9999805 
 9999805 
 9999008 
 9999805 
 9999805 
 9996250 
 9999805 
 9999805 
 9999800 
 9989158 
 9999805 
 9999342 
 9999800 
 9997186 
 9999805 
 9999805 
 9999805 
 9999805 
 9998822 
 9999800 
 9999805 
 9999008 
 9999805 
 9999800 
 9995310 
 9999805 
 9999805 
 9999805 
 9999805 
 9999800 
 9999805 
 9998822 
 9999805 
 9999805 
 9999800 
 9999805 
 9999805 
 9999800 
 9982334 
 9999805 
 9998822 
 9998574 
 9999805 
 9999805 
 9999805 
 9999800 
 9999805 
 9994985 
 9999805 
 9999805 
 9999805 
 9999805 
 9999805 
 9998892 
 9999805 
 9999805 
 9999805 
 9995310 
 9999800 
 9999805 
 9994985 
 9999805 
 9999805 
 9999805 
 9999008 
 9999008 
 9999800 
 9998892 
 9999805 
 9999805 
 9999805 
 9999805 
 9999805 
 9999805 
 9999800 
 9999805 
 9997682 
 9999800 
 9999008 
 9999800 
 9999805 
 9999805 
 9999342 
 9999805 
 9999805 
 9999805 
 9998892 
 9999805 
 9999805 
 9999805 
 9999800 
 9997186 
 9999805 
 9997186 
 9999800 
 9999800 
 9999800 
 9999805 
 9996836 
 9999805 
 9999800 
 9999805 
 9999805 
 9999008 
 9997186 
 9999805 
 9999805 
 9999805 
 9999805 
 9999805 
 9998822 
 9999805 
 9999805 
 9999008 
 9999800 
 9998822 
 9999805 
 9999800 
 9999805 
 9999805 
 9993663 
 9999800 
 9999805 
 9999008 
 9999008 
 9999805 
 9999805 
 9999800 
 9999805 
 9998105 
 9999805 
 9997186 
 9999805 
 9999805 
 9999805 
 9999805 
 9999805 
 9998892 
 9999805 
 9998892 
 9999805 
 9999805 
 9999008 
 9999805 
 9999805 
 9998822 
 9999805 
 9999805 
 9999800 
 9999805 
 9993663 
 9999805 
 9999800 
 9999800 
 9999805 
 9999805 
 9999800 
 9999805 
 9994985 
 9998822 
 9999800 
 9994985 
 9999800 
 9999800 
 9999800 
 9999008 
 9999805 
 9994204 
 9999342 
 9999805 
 9999805 
 9999805 
 9999805 
 9999805 
 9999800 
 9999805 
 9999805 
 9999805 
 9970603 
 9999805 
 9997186 
 9999805 
 9999800 
 9999805 
 9989158 
 9999805 
 9999800 
 9999805 
 9999805 
 9999805 
 9999805 
 9987158 
 9993663 
 9999008 
 9999805 
 9999805 
 9999800 
 9999805 
 9999805 
 9999805 
 9999805 
 9999800 
 9999805 
 9999805 
 9997186 
 9999805 
 9999805 
 9999008 
 9999805 
 9999805 
 9999800 
 9999805 
 9999805 
 9999805 
 9999805 
 9998574 
 9999342 
 9999805 
 9999805 
 9999800 
 9999805 
 9998105 
 9999805 
 9999805 
 9999800 
 9999800 
 9999805 
 9999008 
 9971559 
 9999805 
 9999800 
 9999805 
 9999342 
 9998892 
 