100000 
 38201 
 92176 
 69008 
 59579 
 66921 
 53248 
 66164 
 84789 
 57121 
 56672 
 60477 
 66413 
 56963 
 83558 
 49791 
 58651 
 51143 
 75521 
 48149 
 40875 
 77036 
 57841 
 88666 
 49403 
 45008 
 60572 
 50581 
 51930 
 78552 
 47633 
 42513 
 67442 
 57811 
 41884 
 50467 
 68316 
 49989 
 57447 
 95668 
 45536 
 36449 
 78937 
 71116 
 76857 
 58655 
 46540 
 40368 
 51213 
 76121 
 41705 
 86517 
 85694 
 47505 
 76361 
 46462 
 81324 
 75274 
 61123 
 92443 
 39741 
 67549 
 61302 
 95777 
 84889 
 77954 
 74819 
 45564 
 54000 
 82663 
 68678 
 86200 
 93152 
 65209 
 65725 
 51468 
 71221 
 70333 
 92983 
 91163 
 45683 
 80396 
 64213 
 38635 
 53555 
 52303 
 91731 
 68229 
 93208 
 67664 
 93768 
 70066 
 65472 
 46689 
 40927 
 38327 
 46309 
 68976 
 89642 
 44051 
 