500000 
 9999806 
 9999806 
 9999337 
 9999422 
 9999806 
 9999337 
 9999422 
 9999422 
 9999806 
 9998168 
 9999806 
 9999275 
 9999806 
 9999806 
 9999806 
 9999806 
 9999422 
 9999806 
 9999806 
 9999806 
 9999806 
 9999337 
 9999422 
 9999422 
 9999422 
 9999806 
 9999337 
 9999806 
 9999806 
 9999806 
 9999806 
 9999422 
 9999806 
 9993855 
 9999806 
 9999422 
 9999806 
 9998408 
 9999806 
 9999806 
 9999806 
 9999806 
 9999806 
 9999422 
 9993335 
 9999422 
 9999806 
 9996966 
 9998408 
 9999806 
 9999422 
 9999806 
 9992877 
 9999275 
 9999806 
 9999806 
 9999806 
 9996966 
 9999422 
 9999806 
 9996966 
 9999806 
 9999806 
 9999806 
 9999422 
 9999806 
 9999806 
 9998408 
 9999806 
 9999337 
 9998168 
 9999806 
 9999806 
 9999806 
 9998408 
 9998408 
 9999806 
 9998408 
 9999806 
 9999422 
 9999422 
 9999806 
 9999806 
 9999806 
 9999422 
 9999806 
 9999806 
 9999806 
 9999806 
 9976388 
 9999806 
 9999275 
 9999806 
 9999806 
 9999806 
 9999806 
 9998408 
 9978080 
 9999422 
 9999806 
 9999806 
 9999806 
 9999806 
 9999337 
 9999806 
 9999422 
 9999806 
 9999806 
 9999806 
 9999806 
 9998168 
 9999806 
 9999806 
 9999337 
 9999422 
 9999806 
 9997299 
 9999806 
 9999806 
 9999422 
 9999337 
 9999806 
 9999337 
 9998408 
 9993184 
 9999806 
 9999422 
 9999806 
 9999806 
 9993855 
 9999806 
 9999806 
 9999337 
 9993215 
 9999806 
 9999806 
 9999422 
 9999806 
 9998408 
 9999806 
 9993184 
 9999806 
 9999422 
 9999806 
 9998168 
 9999806 
 9999806 
 9999806 
 9999422 
 9999275 
 9993215 
 9999337 
 9999337 
 9999422 
 9999337 
 9999275 
 9998408 
 9999806 
 9996966 
 9999806 
 9999806 
 9999806 
 9999337 
 9999806 
 9992629 
 9999806 
 9999806 
 9999337 
 9999806 
 9998168 
 9999422 
 9931465 
 9999422 
 9999337 
 9993855 
 9999806 
 9999806 
 9999806 
 9999806 
 9996966 
 9999422 
 9999806 
 9999422 
 9999806 
 9999337 
 9999806 
 9999422 
 9992954 
 9999806 
 9999806 
 9999422 
 9999337 
 9994972 
 9999422 
 9998408 
 9998168 
 9999806 
 9999806 
 9999806 
 9999275 
 9993855 
 9999337 
 9999806 
 9999806 
 9999806 
 9999806 
 9999806 
 9999806 
 9998168 
 9999337 
 9999806 
 9999806 
 9999806 
 9999806 
 9999422 
 9999422 
 9999806 
 9999337 
 9999806 
 9999337 
 9999806 
 9999806 
 9999806 
 9999337 
 9999422 
 9999275 
 9999806 
 9999806 
 9999806 
 9993215 
 9999422 
 9999806 
 9999806 
 9999806 
 9999806 
 9999806 
 9999806 
 9997299 
 9999806 
 9999337 
 9999806 
 9999806 
 9998168 
 9998408 
 9999806 
 9998408 
 9999422 
 9999806 
 9998408 
 9999422 
 9993855 
 9999422 
 9994972 
 9999806 
 9999806 
 9999806 
 9999806 
 9999806 
 9999806 
 9999806 
 9993215 
 9999806 
 9999806 
 9999806 
 9999337 
 9999806 
 9998408 
 9999806 
 9999806 
 9999806 
 9999337 
 9999422 
 9999422 
 9787393 
 9999806 
 9999806 
 9999806 
 9996966 
 9999806 
 9999337 
 9999806 
 9999806 
 9999806 
 9997299 
 9999806 
 9999337 
 9999422 
 9998408 
 9999806 
 9999806 
 9992954 
 9999806 
 9999337 
 9999806 
 9999806 
 9999806 
 9999806 
 9999806 
 9996966 
 9999806 
 9999806 
 9999422 
 9999806 
 9999806 
 9999422 
 9999806 
 9999806 
 9999806 
 9999806 
 9999806 
 9999422 
 9998408 
 9998408 
 9999806 
 9999806 
 9999806 
 9999275 
 9999337 
 9999806 
 9999806 
 9999422 
 9999422 
 9999806 
 9998438 
 9999806 
 9999806 
 9999806 
 9984134 
 9999806 
 9998168 
 9999806 
 9999806 
 9999806 
 9999806 
 9999806 
 9999337 
 9999806 
 9998168 
 9998408 
 9999337 
 9999275 
 9999337 
 9999806 
 9999806 
 9999806 
 9999806 
 9999806 
 9999806 
 9999806 
 9999806 
 9999275 
 9999806 
 9999337 
 9999422 
 9999806 
 9999275 
 9999337 
 9999806 
 9998408 
 9999422 
 9999806 
 9997299 
 9999806 
 9999806 
 9999422 
 9999806 
 9992954 
 9999806 
 9999806 
 9999422 
 9999806 
 9629101 
 9999806 
 9999422 
 9999806 
 9999422 
 9999422 
 9999806 
 9999806 
 9999275 
 9999806 
 9999422 
 9999806 
 9999806 
 9998408 
 9999806 
 9999806 
 9999806 
 9996966 
 9999806 
 9999806 
 9999806 
 9999806 
 9999806 
 9998408 
 9999806 
 9999337 
 9999806 
 9999806 
 9999806 
 9999422 
 9999806 
 9999422 
 9999806 
 9992284 
 9999806 
 9999806 
 9999806 
 9999422 
 9999806 
 9999806 
 9999337 
 9996966 
 9999806 
 9999275 
 9999806 
 9999806 
 9999806 
 9998168 
 9999806 
 9999422 
 9996966 
 9999337 
 9999806 
 9999806 
 9999275 
 9999422 
 9992284 
 9999422 
 9999806 
 9999806 
 9999806 
 9999806 
 9993215 
 9999806 
 9999806 
 9999806 
 9999337 
 9999422 
 9999806 
 9999806 
 9999422 
 9999806 
 9999806 
 9999806 
 9999806 
 9999422 
 9999422 
 9999422 
 9999806 
 9998408 
 9999806 
 9999806 
 9999422 
 9999806 
 9999337 
 9998408 
 9993215 
 9999422 
 9999275 
 9998408 
 9999806 
 9999337 
 9999337 
 9999275 
 9999806 
 9999806 
 9993613 
 9999806 
 9999275 
 9999806 
 9999422 
 9999806 
 9993855 
 9999422 
 9999806 
 9999337 
 9999806 
 9999337 
 9999422 
 9999806 
 9999806 
 9999806 
 9999806 
 9999422 
 9999422 
 9999806 
 9994804 
 9999806 
 9999806 
 9999806 
 9999806 
 9999806 
 9999422 
 9999806 
 9999806 
 9999806 
 9999806 
 9999806 
 9999806 
 9999806 
 9999806 
 9993215 
 9999806 
 9999422 
 9999337 
 9999422 
 9999337 
 9999806 
 9999806 
 9998408 
 9999806 
 9999806 
 9999806 
 9999422 
 9999806 
 9998408 
 9999806 
 9999422 
 9999806 
 9999806 
 9993215 
 9999806 
 9999806 
 9998168 
 9999337 
 9999806 
 9993855 
 9999806 
 9993855 
 9999806 
 9999806 
 9999806 
 9999422 
 9999422 
 9999806 
 9998408 
 9999806 
 9999422 
 9999422 
 9998408 
 9996966 
 9999806 
 9999806 
 9999337 
 9999806 
 9999806 
 9999275 
 9999806 
 9998408 
 9999806 
 9999806 
 9999806 
 9999422 
 9999806 
 9999806 
 9998408 
 9998168 
 9966116 
 9999806 
 9999806 
 9999337 
 9999806 
 9999806 
 9999806 
 9999806 
 9999806 
 9998408 
 9999806 
 9999806 
 9999806 
 9999806 
 9999422 
 9992877 
 9999275 
 9999806 
 9999806 
 9999806 
 9999806 
 9999806 
 9999806 
 9999275 
 9999806 
 9999337 
 9999806 
 9999337 
 9998408 
 9999806 
 9998408 
 9999337 
 9999806 
 9999806 
 9999275 
 9996966 
 9999806 
 9999806 
 9999806 
 9999337 
 9999806 
 9998408 
 9999337 
 9978080 
 9973143 
 9999806 
 9999806 
 9999422 
 9999806 
 9999806 
 9999806 
 9993855 
 9999806 
 9999806 
 9999337 
 9999337 
 9999806 
 9999422 
 9999806 
 9999806 
 9999806 
 9999806 
 9999806 
 9999806 
 9999806 
 9999337 
 9999806 
 9999806 
 9999337 
 9999806 
 9999422 
 9999806 
 9999806 
 9999806 
 9999806 
 9999806 
 9999806 
 9999275 
 9999806 
 9998168 
 9998408 
 9998408 
 9999806 
 9998168 
 9996966 
 9999806 
 9999806 
 9999337 
 9998408 
 9998408 
 9999806 
 9999806 
 9999337 
 9999806 
 9999806 
 9999422 
 9999806 
 9999806 
 9999806 
 9999806 
 9999422 
 9999806 
 9993335 
 9999806 
 9999422 
 9998408 
 9999275 
 9999806 
 9999806 
 9993855 
 9999337 
 9999806 
 9970384 
 9998408 
 9999806 
 9999806 
 9998408 
 9999806 
 9999422 
 9999806 
 9998408 
 9998168 
 9999806 
 9999422 
 9999422 
 9999806 
 9998408 
 9999806 
 9999275 
 9999806 
 9999337 
 9999806 
 9999806 
 9999806 
 9999806 
 9999806 
 9999806 
 9999806 
 9996966 
 9999337 
 9992013 
 9999806 
 9999806 
 9999806 
 9999806 
 9999806 
 9999806 
 9998408 
 9999806 
 9998408 
 9998408 
 9999806 
 9999337 
 9999337 
 9999806 
 9999806 
 9999806 
 9999806 
 9999806 
 9999422 
 9999422 
 9999806 
 9999806 
 9999806 
 9999806 
 9999337 
 9999422 
 9999806 
 9982287 
 9999806 
 9999806 
 9999806 
 9999806 
 9999422 
 9999806 
 9999806 
 9999806 
 9968153 
 9999806 
 9999806 
 9999806 
 9998408 
 9998408 
 9999806 
 9993855 
 9999806 
 9999806 
 9999806 
 9999806 
 9999806 
 9999806 
 9999806 
 9999422 
 9999806 
 9997299 
 9945135 
 9999422 
 9994252 
 9999422 
 9998168 
 9999806 
 9999422 
 9999806 
 9865044 
 9999806 
 9999806 
 9999806 
 9999806 
 9999422 
 9998408 
 9999806 
 9999806 
 9999806 
 9999806 
 9999806 
 9999422 
 9999806 
 9999422 
 9999337 
 9998168 
 9999806 
 9999806 
 9999422 
 9999337 
 9999337 
 9999422 
 9998408 
 9999806 
 9999806 
 9999806 
 9999806 
 9999337 
 9998408 
 9999337 
 9999806 
 9999806 
 9999806 
 9999337 
 9999337 
 9999275 
 9999422 
 9999806 
 9998408 
 9998408 
 9999422 
 9999422 
 9999806 
 9992284 
 9998408 
 9999806 
 9999806 
 9999806 
 9998408 
 9999806 
 9999806 
 9998408 
 9999806 
 9999806 
 9999806 
 9999806 
 9999806 
 9999806 
 9998168 
 9999422 
 9999806 
 9998408 
 9999806 
 9999806 
 9999806 
 9999806 
 9999806 
 9999806 
 9999806 
 9999806 
 9999806 
 9999806 
 9999806 
 9999806 
 9999337 
 9999806 
 9999806 
 9999337 
 9993855 
 9999806 
 9999422 
 9999806 
 9999337 
 9999806 
 9999806 
 9999806 
 9999422 
 9999422 
 9999806 
 9999806 
 9999806 
 9999806 
 9999806 
 9999806 
 9999806 
 9999806 
 9998408 
 9999806 
 9999806 
 9999806 
 9998408 
 9999806 
 9999422 
 9999806 
 9999337 
 9999422 
 9996966 
 9999806 
 9996966 
 9999337 
 9986832 
 9999806 
 9999806 
 9999806 
 9998408 
 9999806 
 9993184 
 9999806 
 9999275 
 9999422 
 9999337 
 9999275 
 9998168 
 9999806 
 9999422 
 9999806 
 9999806 
 9999422 
 9999422 
 9999806 
 9999337 
 9999806 
 9993855 
 9998168 
 9993215 
 9999275 
 9967385 
 9999422 
 9999275 
 9999337 
 9997659 
 9999337 
 9999806 
 9999337 
 9999275 
 9999806 
 9999337 
 9999422 
 9999806 
 9999806 
 9998563 
 9999275 
 9999806 
 9998408 
 9998168 
 9998168 
 9999806 
 9999806 
 9999422 
 9999806 
 9993215 
 9999275 
 9999806 
 9999806 
 9999806 
 9999806 
 9999337 
 9993335 
 9999806 
 9998408 
 9999806 
 9998408 
 9999275 
 9999806 
 9996966 
 9999806 
 9999275 
 9999806 
 9999806 
 9998168 
 9999806 
 9993855 
 9999806 
 9999422 
 9999806 
 9998563 
 9999806 
 9999422 
 9999806 
 9999806 
 9999806 
 9999806 
 9999337 
 9993855 
 9999337 
 9999806 
 9999806 
 9999806 
 9999806 
 9999806 
 9993184 
 9999337 
 9998168 
 9999806 
 9999806 
 9999422 
 9999337 
 9999806 
 9999806 
 9999806 
 9999806 
 9999806 
 9999422 
 9999806 
 9999806 
 9998408 
 9999806 
 9993215 
 9998408 
 9989652 
 9996966 
 9999806 
 9999806 
 9999806 
 9999806 
 9999422 
 9999806 
 9999806 
 9999806 
 9999806 
 9999806 
 9999806 
 9993855 
 9995661 
 9999275 
 9998408 
 9969096 
 