140 
 15 
 15 
 37 
 37 
 11 
 27 
 37 
 27 
 27 
 37 
 37 
 37 
 27 
 37 
 37 
 37 
 27 
 27 
 27 
 15 
 15 
 37 
 37 
 15 
 0 
 27 
 37 
 15 
 37 
 27 
 11 
 27 
 8 
 27 
 27 
 37 
 15 
 37 
 14 
 37 
 37 
 27 
 37 
 37 
 15 
 27 
 27 
 37 
 27 
 27 
 37 
 13 
 37 
 0 
 37 
 5 
 8 
 27 
 15 
 37 
 37 
 15 
 27 
 37 
 37 
 15 
 9 
 15 
 37 
 37 
 27 
 37 
 37 
 11 
 37 
 0 
 27 
 27 
 14 
 37 
 14 
 27 
 15 
 27 
 27 
 15 
 37 
 37 
 37 
 27 
 27 
 27 
 27 
 14 
 11 
 14 
 37 
 37 
 0 
 13 
 15 
 15 
 11 
 27 
 37 
 27 
 2 
 14 
 37 
 15 
 37 
 9 
 15 
 11 
 37 
 11 
 0 
 37 
 14 
 15 
 15 
 27 
 37 
 37 
 13 
 37 
 37 
 37 
 15 
 37 
 9 
 14 
 15 
 37 
 27 
 11 
 37 
 8 
 27 
 11 
 