500000 
 7381091 
 5061881 
 6339982 
 5582347 
 4744751 
 8270812 
 9785502 
 5354910 
 5729530 
 5256432 
 5302177 
 9338095 
 7167208 
 7550750 
 3677729 
 4925387 
 4498969 
 8020821 
 7445146 
 5500384 
 4842299 
 7659000 
 5254183 
 5620172 
 6314848 
 5757866 
 5764230 
 4438612 
 9332570 
 7957052 
 6140963 
 4070979 
 8884898 
 9657699 
 7218094 
 5891202 
 3803765 
 4852351 
 9593702 
 7489966 
 4825874 
 6642319 
 3878264 
 6766854 
 5018511 
 5446140 
 6795259 
 7063205 
 7185474 
 9767789 
 3829947 
 9776326 
 6692761 
 8294450 
 8290796 
 7273977 
 5070349 
 7076129 
 5852082 
 5585695 
 6903761 
 6459311 
 4328005 
 3965674 
 5945190 
 4192907 
 6280905 
 4582810 
 4226674 
 6916808 
 4946544 
 4888142 
 6531068 
 7164072 
 5612543 
 4781357 
 9077526 
 6374208 
 5670352 
 6942088 
 7708450 
 5262175 
 4670302 
 4544240 
 4914116 
 7073668 
 4957007 
 9601027 
 5301921 
 4820043 
 4504390 
 7590852 
 5338732 
 4535934 
 5239231 
 6471145 
 7554842 
 5869345 
 4932572 
 