100000 
 97570 
 96804 
 97746 
 93594 
 89786 
 93594 
 96899 
 97822 
 97746 
 70043 
 99341 
 97499 
 97294 
 99981 
 93594 
 99778 
 97746 
 97499 
 94206 
 98357 
 92486 
 99912 
 97350 
 98838 
 99164 
 93148 
 97688 
 97746 
 97499 
 86782 
 86977 
 97499 
 86977 
 99529 
 97746 
 93148 
 97746 
 90578 
 89956 
 97499 
 98838 
 96124 
 83491 
 97499 
 93594 
 99436 
 91583 
 98838 
 97499 
 97499 
 96267 
 99045 
 97746 
 93594 
 96177 
 97746 
 95608 
 86977 
 99912 
 98517 
 96021 
 93049 
 97499 
 95608 
 97746 
 96884 
 96535 
 97336 
 97499 
 98621 
 98357 
 97499 
 86006 
 97499 
 99765 
 97746 
 99075 
 95608 
 99478 
 90578 
 97740 
 96845 
 97746 
 98838 
 93723 
 99924 
 97499 
 93594 
 97746 
 86977 
 97673 
 74373 
 97499 
 97746 
 99416 
 93594 
 95235 
 97499 
 91031 
 