100000 
 99999 
 99999 
 99997 
 99999 
 99999 
 99999 
 99999 
 99990 
 99990 
 99999 
 99999 
 99999 
 99998 
 99998 
 99999 
 99997 
 99997 
 99998 
 99999 
 99982 
 99998 
 99998 
 99998 
 99997 
 99999 
 99998 
 99999 
 99999 
 99999 
 99928 
 99999 
 99998 
 99999 
 99999 
 99998 
 99998 
 99997 
 99999 
 99997 
 99999 
 99999 
 99999 
 99998 
 99999 
 99999 
 99997 
 99992 
 99997 
 99998 
 99998 
 99994 
 99999 
 99998 
 99994 
 99999 
 99998 
 99999 
 99992 
 99998 
 99998 
 99994 
 99999 
 99999 
 99993 
 99997 
 99997 
 99990 
 99999 
 99999 
 99998 
 99999 
 99999 
 99999 
 99999 
 99997 
 99997 
 99998 
 99999 
 99999 
 99999 
 99938 
 99870 
 99999 
 99999 
 99993 
 99994 
 99999 
 99993 
 99998 
 99999 
 99999 
 99998 
 99998 
 99999 
 99998 
 99999 
 99999 
 99998 
 99998 
 99999 
 99999 
 99999 
 99997 
 99999 
 99999 
 99997 
 99998 
 99997 
 99998 
 99997 
 99998 
 99998 
 99999 
 99999 
 99999 
 99999 
 99998 
 99997 
 99999 
 99999 
 99998 
 99999 
 99999 
 99999 
 99999 
 99998 
 99998 
 99999 
 99998 
 99992 
 99999 
 99998 
 99999 
 99999 
 99998 
 99999 
 99997 
 99998 
 99993 
 99999 
 99998 
 99998 
 99998 
 99999 
 99999 
 99999 
 99998 
 99999 
 99997 
 99999 
 99993 
 99993 
 99999 
 99998 
 99994 
 99999 
 99997 
 99978 
 99997 
 99998 
 99999 
 99990 
 99999 
 99998 
 99998 
 99997 
 99999 
 99999 
 99998 
 99999 
 99999 
 99999 
 99999 
 99999 
 99999 
 99999 
 99992 
 99999 
 99999 
 99999 
 99998 
 99999 
 99992 
 99998 
 99778 
 99994 
 99997 
 99999 
 99984 
 99999 
 99999 
 99998 
 99998 
 99998 
 99999 
 99999 
 99999 
 99999 
 99992 
 99998 
 99999 
 99999 
 99999 
 99999 
 99999 
 99999 
 99999 
 99999 
 99999 
 99997 
 99998 
 99998 
 99999 
 99995 
 99999 
 99999 
 99999 
 99998 
 99999 
 99999 
 99999 
 99999 
 99997 
 99998 
 99998 
 99998 
 99978 
 99999 
 99999 
 99999 
 99999 
 99990 
 99999 
 99998 
 99997 
 99999 
 99999 
 99997 
 99993 
 99999 
 99999 
 99999 
 99993 
 99999 
 99992 
 99998 
 99997 
 99998 
 99998 
 99993 
 99997 
 99997 
 99997 
 99999 
 99999 
 99994 
 99999 
 99997 
 99998 
 99998 
 99990 
 99999 
 99998 
 99998 
 99997 
 99994 
 99999 
 99993 
 99999 
 99999 
 99999 
 99999 
 99999 
 99998 
 99993 
 99999 
 99997 
 99998 
 99998 
 99998 
 99973 
 99994 
 99999 
 99999 
 99998 
 99992 
 99998 
 99999 
 99992 
 99998 
 99990 
 99999 
 99999 
 99998 
 99981 
 99999 
 99999 
 99999 
 99998 
 99999 
 99997 
 99998 
 99998 
 99966 
 99990 
 99999 
 99998 
 99998 
 99992 
 99998 
 99998 
 99998 
 99998 
 99999 
 99998 
 99999 
 99990 
 99999 
 99998 
 99999 
 99998 
 99994 
 99997 
 99998 
 99999 
 99999 
 99998 
 99999 
 99999 
 99997 
 99999 
 99997 
 99999 
 99998 
 99999 
 99999 
 99998 
 99999 
 99998 
 99998 
 99999 
 99914 
 99999 
 99997 
 99999 
 99997 
 99998 
 99998 
 99997 
 99999 
 99999 
 99999 
 99999 
 99999 
 99998 
 99999 
 99998 
 99999 
 99992 
 99992 
 99994 
 99997 
 99999 
 99999 
 99999 
 99994 
 99999 
 99992 
 99999 
 99997 
 99995 
 99997 
 99995 
 99999 
 99999 
 99999 
 99980 
 99998 
 99830 
 99993 
 99999 
 99999 
 99997 
 99998 
 99999 
 99997 
 99999 
 99998 
 99999 
 99999 
 99999 
 99999 
 99999 
 99999 
 99998 
 99998 
 99998 
 99999 
 99994 
 99999 
 99999 
 99999 
 99997 
 99999 
 99995 
 99997 
 99998 
 99990 
 99999 
 99999 
 99999 
 99998 
 99999 
 99993 
 99999 
 99966 
 99998 
 99992 
 99998 
 99998 
 99990 
 99999 
 99999 
 99999 
 99997 
 99999 
 99998 
 99994 
 99998 
 99999 
 99999 
 99999 
 99999 
 99992 
 99999 
 99998 
 99999 
 99999 
 99999 
 99998 
 99998 
 99998 
 99994 
 99999 
 99998 
 99999 
 99993 
 99999 
 99999 
 99997 
 99999 
 99999 
 99998 
 99999 
 99999 
 99999 
 99998 
 99992 
 99998 
 99999 
 99997 
 99999 
 99999 
 99993 
 99999 
 99997 
 99999 
 99994 
 99999 
 99998 
 99999 
 99998 
 99999 
 99992 
 99997 
 99997 
 99999 
 99998 
 99994 
 99998 
 99999 
 99998 
 99999 
 99999 
 99998 
 99999 
 99999 
 99999 
 99999 
 99997 
 99993 
 99999 
 99999 
 99999 
 99998 
 99999 
 99998 
 99994 
 99999 
 99998 
 99999 
 99999 
 99998 
 99998 
 99994 
 99998 
 99997 
 99999 
 99999 
 99999 
 99998 
 99992 
 99999 
 99998 
 99998 
 99993 
 99997 
 99997 
 99999 
 99998 
 99998 
 99998 
 99998 
 99998 
 99999 
 99998 
 99998 
 99998 
 99999 
 99998 
 99998 
 99998 
 99997 
 99999 
 99999 
 99999 
 99998 
 99998 
 99998 
 99999 
 99993 
 99998 
 99999 
 99998 
 99997 
 99998 
 99999 
 99999 
 99999 
 99999 
 99994 
 99999 
 99998 
 99999 
 99999 
 99997 
 99998 
 99998 
 99997 
 99999 
 99981 
 99987 
 99999 
 99997 
 99998 
 99999 
 99999 
 99999 
 99999 
 99998 
 99999 
 99998 
 99999 
 99999 
 99998 
 99997 
 99995 
 99998 
 99998 
 99999 
 99994 
 99998 
 99999 
 99999 
 99999 
 99998 
 99998 
 99999 
 99999 
 99999 
 99998 
 99999 
 99999 
 99998 
 99999 
 99998 
 99999 
 99981 
 99999 
 99999 
 99998 
 99999 
 99997 
 99999 
 99998 
 99999 
 99994 
 99994 
 99999 
 99998 
 99999 
 99999 
 99999 
 99998 
 99999 
 99998 
 99999 
 99999 
 99990 
 99999 
 99998 
 99990 
 99997 
 99998 
 99993 
 99998 
 99990 
 99999 
 99998 
 99999 
 99999 
 99999 
 99999 
 99998 
 99998 
 99997 
 99999 
 99998 
 99999 
 99999 
 99999 
 99999 
 99998 
 99998 
 99998 
 99998 
 99999 
 99999 
 99999 
 99999 
 99998 
 99999 
 99997 
 99998 
 99992 
 99998 
 99999 
 99998 
 99999 
 99998 
 99998 
 99998 
 99998 
 99999 
 99998 
 99997 
 99999 
 99997 
 99998 
 99998 
 99999 
 99997 
 99943 
 99998 
 99998 
 99999 
 99998 
 99995 
 99999 
 99998 
 99999 
 99992 
 99999 
 99995 
 99999 
 99997 
 99998 
 99999 
 99998 
 99999 
 99982 
 99999 
 99998 
 99998 
 99999 
 99998 
 99992 
 99998 
 99999 
 99999 
 99999 
 99984 
 99999 
 99999 
 99999 
 99998 
 99999 
 99999 
 99999 
 99998 
 99997 
 99992 
 99998 
 99982 
 99999 
 99998 
 99997 
 99999 
 99998 
 99998 
 99999 
 99999 
 99999 
 99999 
 99998 
 99997 
 99923 
 99998 
 99999 
 99998 
 99998 
 99999 
 99999 
 99993 
 99998 
 99994 
 99999 
 99998 
 99998 
 99999 
 99999 
 99998 
 99998 
 99998 
 99998 
 99994 
 99999 
 99990 
 99998 
 99992 
 99999 
 99999 
 99999 
 99999 
 99998 
 99999 
 99999 
 99998 
 99999 
 99993 
 99994 
 99993 
 99998 
 99993 
 99999 
 99999 
 99999 
 99999 
 99998 
 99999 
 99998 
 99998 
 99995 
 99992 
 99999 
 99999 
 99999 
 99999 
 99998 
 99999 
 99999 
 99999 
 99999 
 99999 
 99999 
 99999 
 99994 
 99998 
 99997 
 99999 
 99999 
 99999 
 99998 
 99999 
 99999 
 99997 
 99998 
 99992 
 99999 
 99999 
 99999 
 99998 
 99999 
 99999 
 99999 
 99999 
 99999 
 99999 
 99986 
 99997 
 99999 
 99998 
 99999 
 99998 
 99999 
 99998 
 99999 
 99999 
 99990 
 99999 
 99998 
 99999 
 99997 
 99993 
 99999 
 99999 
 99998 
 99998 
 99998 
 99999 
 99999 
 99999 
 99999 
 99998 
 99997 
 99999 
 99997 
 99920 
 99999 
 99998 
 99999 
 99999 
 99999 
 99999 
 99999 
 99999 
 99994 
 99999 
 99999 
 99999 
 99997 
 99997 
 99999 
 99999 
 99998 
 99998 
 99999 
 99999 
 99998 
 99999 
 99999 
 99999 
 99999 
 99999 
 99997 
 99913 
 99998 
 99999 
 99994 
 99998 
 99999 
 99999 
 99904 
 99999 
 99998 
 99999 
 99998 
 99999 
 99998 
 99997 
 99999 
 99999 
 99999 
 99998 
 99997 
 99990 
 99998 
 99997 
 99999 
 99997 
 99999 
 99998 
 99998 
 99999 
 99998 
 99998 
 99992 
 99997 
 99998 
 99999 
 99998 
 99999 
 99997 
 99999 
 99999 
 99998 
 99998 
 99999 
 99999 
 99999 
 99950 
 99999 
 99998 
 99998 
 99999 
 99990 
 99998 
 99999 
 99999 
 99998 
 99999 
 99998 
 99998 
 99999 
 99999 
 99998 
 99998 
 99999 
 99998 
 99986 
 99998 
 99997 
 99997 
 99999 
 99998 
 99997 
 99994 
 99998 
 99998 
 99999 
 99999 
 99999 
 99998 
 99994 
 99998 
 99999 
 99999 
 99888 
 99999 
 99999 
 99999 
 99998 
 99999 
 99997 
 99999 
 99999 
 99998 
 99999 
 99999 
 99999 
 99998 
 99998 
 99999 
 99994 
 99990 
 99998 
 99998 
 99998 
 99999 
 99997 
 99998 
 99998 
 99998 
 99987 
 99999 
 99998 
 99947 
 99998 
 99998 
 99999 
 99998 
 99999 
 99998 
 99998 
 99992 
 99998 
 99986 
 99999 
 99994 
 99997 
 99999 
 99999 
 99999 
 99999 
 99992 
 99999 
 99998 
 99998 
 99999 
 